#
# There is insufficient memory for the Java Runtime Environment to continue.
# Native memory allocation (malloc) failed to allocate 213136 bytes for Chunk::new
# Possible reasons:
#   The system is out of physical RAM or swap space
#   The process is running with CompressedOops enabled, and the Java Heap may be blocking the growth of the native heap
# Possible solutions:
#   Reduce memory load on the system
#   Increase physical memory or swap space
#   Check if swap backing store is full
#   Decrease Java heap size (-Xmx/-Xms)
#   Decrease number of Java threads
#   Decrease Java thread stack sizes (-Xss)
#   Set larger code cache with -XX:ReservedCodeCacheSize=
#   JVM is running with Unscaled Compressed Oops mode in which the Java heap is
#     placed in the first 4GB address space. The Java Heap base address is the
#     maximum limit for the native heap growth. Please use -XX:HeapBaseMinAddress
#     to set the Java Heap base and to place the Java Heap above 4GB virtual address.
# This output file may be truncated or incomplete.
#
#  Out of Memory Error (t:/workspace/open/src/hotspot/share/memory/arena.cpp:195), pid=19408, tid=4760
#
# JRE version: OpenJDK Runtime Environment (14.0+36) (build 14+36-1461)
# Java VM: OpenJDK 64-Bit Server VM (14+36-1461, mixed mode, sharing, tiered, compressed oops, g1 gc, windows-amd64)
# No core dump will be written. Minidumps are not enabled by default on client versions of Windows
#

---------------  S U M M A R Y ------------

Command Line: --add-opens=java.base/java.util=ALL-UNNAMED --add-opens=java.base/java.lang=ALL-UNNAMED --add-opens=java.base/java.lang.invoke=ALL-UNNAMED --add-opens=java.prefs/java.util.prefs=ALL-UNNAMED -XX:MaxMetaspaceSize=256m -XX:+HeapDumpOnOutOfMemoryError -Xms256m -Xmx512m -Dfile.encoding=windows-1251 -Duser.country=RU -Duser.language=ru -Duser.variant org.gradle.launcher.daemon.bootstrap.GradleDaemon 6.3

Host: AMD Ryzen 5 2500U with Radeon Vega Mobile Gfx  , 8 cores, 5G,  Windows 10 , 64 bit Build 19041 (10.0.19041.662)
Time: Thu Apr 22 15:25:32 2021 RTZ 2 (зима) elapsed time: 4 seconds (0d 0h 0m 4s)

---------------  T H R E A D  ---------------

Current thread (0x0000018b7ed44800):  JavaThread "C2 CompilerThread0" daemon [_thread_in_native, id=4760, stack(0x00000050d8d00000,0x00000050d8e00000)]


Current CompileTask:
C2:   4337 1805       4       java.util.jar.JarFile::maybeInstantiateVerifier (116 bytes)

Stack: [0x00000050d8d00000,0x00000050d8e00000]
Native frames: (J=compiled Java code, j=interpreted, Vv=VM code, C=native code)
V  [jvm.dll+0x5f83ea]
V  [jvm.dll+0x741e2a]
V  [jvm.dll+0x7435df]
V  [jvm.dll+0x743c23]
V  [jvm.dll+0x20d268]
V  [jvm.dll+0xabb07]
V  [jvm.dll+0xac1fc]
V  [jvm.dll+0x276d94]
V  [jvm.dll+0x50ca2a]
V  [jvm.dll+0x1ee1ba]
V  [jvm.dll+0x1e7cdb]
V  [jvm.dll+0x1e4f78]
V  [jvm.dll+0x1779cc]
V  [jvm.dll+0x1f40e5]
V  [jvm.dll+0x1f22cb]
V  [jvm.dll+0x706a7d]
V  [jvm.dll+0x6ff89a]
V  [jvm.dll+0x5f72a6]
C  [ucrtbase.dll+0x214c2]
C  [KERNEL32.DLL+0x17034]
C  [ntdll.dll+0x4d0d1]


---------------  P R O C E S S  ---------------

Threads class SMR info:
_java_thread_list=0x0000018b12930da0, length=22, elements={
0x0000018b7452c000, 0x0000018b7ed20000, 0x0000018b7ed21000, 0x0000018b7ed3b000,
0x0000018b7ed3e800, 0x0000018b7ed3f800, 0x0000018b7ed44800, 0x0000018b7ed45800,
0x0000018b7ed47000, 0x0000018b7f7a6800, 0x0000018b7f7c0800, 0x0000018b11e1e800,
0x0000018b124e9800, 0x0000018b12470000, 0x0000018b12713800, 0x0000018b12715000,
0x0000018b1275f000, 0x0000018b12754800, 0x0000018b12756000, 0x0000018b12758000,
0x0000018b12755800, 0x0000018b12752000
}

Java Threads: ( => current thread )
  0x0000018b7452c000 JavaThread "main" [_thread_blocked, id=4524, stack(0x00000050d8100000,0x00000050d8200000)]
  0x0000018b7ed20000 JavaThread "Reference Handler" daemon [_thread_blocked, id=18396, stack(0x00000050d8800000,0x00000050d8900000)]
  0x0000018b7ed21000 JavaThread "Finalizer" daemon [_thread_blocked, id=20120, stack(0x00000050d8900000,0x00000050d8a00000)]
  0x0000018b7ed3b000 JavaThread "Signal Dispatcher" daemon [_thread_blocked, id=19736, stack(0x00000050d8a00000,0x00000050d8b00000)]
  0x0000018b7ed3e800 JavaThread "Attach Listener" daemon [_thread_blocked, id=17708, stack(0x00000050d8b00000,0x00000050d8c00000)]
  0x0000018b7ed3f800 JavaThread "Service Thread" daemon [_thread_blocked, id=6312, stack(0x00000050d8c00000,0x00000050d8d00000)]
=>0x0000018b7ed44800 JavaThread "C2 CompilerThread0" daemon [_thread_in_native, id=4760, stack(0x00000050d8d00000,0x00000050d8e00000)]
  0x0000018b7ed45800 JavaThread "C1 CompilerThread0" daemon [_thread_in_native, id=14744, stack(0x00000050d8e00000,0x00000050d8f00000)]
  0x0000018b7ed47000 JavaThread "Sweeper thread" daemon [_thread_blocked, id=10700, stack(0x00000050d8f00000,0x00000050d9000000)]
  0x0000018b7f7a6800 JavaThread "Common-Cleaner" daemon [_thread_blocked, id=15608, stack(0x00000050d9000000,0x00000050d9100000)]
  0x0000018b7f7c0800 JavaThread "Notification Thread" daemon [_thread_blocked, id=16320, stack(0x00000050d9100000,0x00000050d9200000)]
  0x0000018b11e1e800 JavaThread "Daemon health stats" [_thread_blocked, id=16476, stack(0x00000050d9800000,0x00000050d9900000)]
  0x0000018b124e9800 JavaThread "Incoming local TCP Connector on port 58385" [_thread_in_native, id=14048, stack(0x00000050d9900000,0x00000050d9a00000)]
  0x0000018b12470000 JavaThread "Daemon periodic checks" [_thread_blocked, id=17148, stack(0x00000050d9a00000,0x00000050d9b00000)]
  0x0000018b12713800 JavaThread "Daemon" [_thread_blocked, id=20452, stack(0x00000050d9b00000,0x00000050d9c00000)]
  0x0000018b12715000 JavaThread "Handler for socket connection from /127.0.0.1:58385 to /127.0.0.1:58386" [_thread_in_native, id=19264, stack(0x00000050d9c00000,0x00000050d9d00000)]
  0x0000018b1275f000 JavaThread "Cancel handler" [_thread_blocked, id=15860, stack(0x00000050d9d00000,0x00000050d9e00000)]
  0x0000018b12754800 JavaThread "Daemon worker" [_thread_blocked, id=5516, stack(0x00000050d9e00000,0x00000050d9f00000)]
  0x0000018b12756000 JavaThread "Asynchronous log dispatcher for DefaultDaemonConnection: socket connection from /127.0.0.1:58385 to /127.0.0.1:58386" [_thread_blocked, id=11800, stack(0x00000050d9f00000,0x00000050da000000)]
  0x0000018b12758000 JavaThread "Stdin handler" [_thread_blocked, id=20228, stack(0x00000050da000000,0x00000050da100000)]
  0x0000018b12755800 JavaThread "Thread-8" [_thread_blocked, id=16424, stack(0x00000050da100000,0x00000050da200000)]
  0x0000018b12752000 JavaThread "DisconnectableInputStream source reader" daemon [_thread_blocked, id=17680, stack(0x00000050da500000,0x00000050da600000)]

Other Threads:
  0x0000018b7ed1e000 VMThread "VM Thread" [stack: 0x00000050d8700000,0x00000050d8800000] [id=19168]
  0x0000018b7f7c2800 WatcherThread [stack: 0x00000050d9200000,0x00000050d9300000] [id=10632]
  0x0000018b74555000 GCTaskThread "GC Thread#0" [stack: 0x00000050d8200000,0x00000050d8300000] [id=3668]
  0x0000018b11644000 GCTaskThread "GC Thread#1" [stack: 0x00000050d9300000,0x00000050d9400000] [id=13908]
  0x0000018b117f9000 GCTaskThread "GC Thread#2" [stack: 0x00000050d9400000,0x00000050d9500000] [id=19860]
  0x0000018b11603800 GCTaskThread "GC Thread#3" [stack: 0x00000050d9500000,0x00000050d9600000] [id=17816]
  0x0000018b11604000 GCTaskThread "GC Thread#4" [stack: 0x00000050d9600000,0x00000050d9700000] [id=19556]
  0x0000018b1163d800 GCTaskThread "GC Thread#5" [stack: 0x00000050d9700000,0x00000050d9800000] [id=20164]
  0x0000018b12799800 GCTaskThread "GC Thread#6" [stack: 0x00000050da200000,0x00000050da300000] [id=17748]
  0x0000018b12788800 GCTaskThread "GC Thread#7" [stack: 0x00000050da300000,0x00000050da400000] [id=16264]
  0x0000018b7455a800 ConcurrentGCThread "G1 Main Marker" [stack: 0x00000050d8300000,0x00000050d8400000] [id=12344]
  0x0000018b7455c800 ConcurrentGCThread "G1 Conc#0" [stack: 0x00000050d8400000,0x00000050d8500000] [id=17232]
  0x0000018b128e5800 ConcurrentGCThread "G1 Conc#1" [stack: 0x00000050da400000,0x00000050da500000] [id=8248]
  0x0000018b7460e000 ConcurrentGCThread "G1 Refine#0" [stack: 0x00000050d8500000,0x00000050d8600000] [id=19912]
  0x0000018b7ebc9800 ConcurrentGCThread "G1 Young RemSet Sampling" [stack: 0x00000050d8600000,0x00000050d8700000] [id=20100]

Threads with active compile tasks:
C2 CompilerThread0     4372 1805       4       java.util.jar.JarFile::maybeInstantiateVerifier (116 bytes)

VM state:not at safepoint (normal execution)

VM Mutex/Monitor currently owned by a thread: None

OutOfMemory and StackOverflow Exception counts:
OutOfMemoryError java_heap_errors=1
LinkageErrors=28

Heap address: 0x00000000e0000000, size: 512 MB, Compressed Oops mode: 32-bit
Narrow klass base: 0x0000000800000000, Narrow klass shift: 3
Compressed class space size: 260046848 Address: 0x0000000800b30000

Heap:
 garbage-first heap   total 262144K, used 17086K [0x00000000e0000000, 0x0000000100000000)
  region size 1024K, 10 young (10240K), 8 survivors (8192K)
 Metaspace       used 11782K, capacity 12286K, committed 12416K, reserved 278528K
  class space    used 1702K, capacity 1859K, committed 1920K, reserved 253952K
Heap Regions: E=young(eden), S=young(survivor), O=old, HS=humongous(starts), HC=humongous(continues), CS=collection set, F=free, OA=open archive, CA=closed archive, TAMS=top-at-mark-start (previous, next)
|   0|0x00000000e0000000, 0x00000000e0100000, 0x00000000e0100000|100%| O|  |TAMS 0x00000000e0100000, 0x00000000e0000000| Untracked 
|   1|0x00000000e0100000, 0x00000000e0200000, 0x00000000e0200000|100%| O|  |TAMS 0x00000000e0200000, 0x00000000e0100000| Untracked 
|   2|0x00000000e0200000, 0x00000000e0263e00, 0x00000000e0300000| 39%| O|  |TAMS 0x00000000e0263e00, 0x00000000e0200000| Untracked 
|   3|0x00000000e0300000, 0x00000000e0400000, 0x00000000e0400000|100%|HS|  |TAMS 0x00000000e0400000, 0x00000000e0300000| Complete 
|   4|0x00000000e0400000, 0x00000000e0500000, 0x00000000e0500000|100%|HC|  |TAMS 0x00000000e0500000, 0x00000000e0400000| Complete 
|   5|0x00000000e0500000, 0x00000000e0600000, 0x00000000e0600000|100%|HC|  |TAMS 0x00000000e0600000, 0x00000000e0500000| Complete 
|   6|0x00000000e0600000, 0x00000000e0700000, 0x00000000e0700000|100%| O|  |TAMS 0x00000000e0700000, 0x00000000e0600000| Untracked 
|   7|0x00000000e0700000, 0x00000000e0800000, 0x00000000e0800000|100%| O|  |TAMS 0x00000000e0800000, 0x00000000e0700000| Untracked 
|   8|0x00000000e0800000, 0x00000000e08ffff8, 0x00000000e0900000| 99%| O|  |TAMS 0x00000000e08ffff8, 0x00000000e0800000| Untracked 
|   9|0x00000000e0900000, 0x00000000e0900000, 0x00000000e0a00000|  0%| F|  |TAMS 0x00000000e0900000, 0x00000000e0900000| Untracked 
|  10|0x00000000e0a00000, 0x00000000e0a00000, 0x00000000e0b00000|  0%| F|  |TAMS 0x00000000e0a00000, 0x00000000e0a00000| Untracked 
|  11|0x00000000e0b00000, 0x00000000e0b00000, 0x00000000e0c00000|  0%| F|  |TAMS 0x00000000e0b00000, 0x00000000e0b00000| Untracked 
|  12|0x00000000e0c00000, 0x00000000e0c00000, 0x00000000e0d00000|  0%| F|  |TAMS 0x00000000e0c00000, 0x00000000e0c00000| Untracked 
|  13|0x00000000e0d00000, 0x00000000e0d00000, 0x00000000e0e00000|  0%| F|  |TAMS 0x00000000e0d00000, 0x00000000e0d00000| Untracked 
|  14|0x00000000e0e00000, 0x00000000e0e00000, 0x00000000e0f00000|  0%| F|  |TAMS 0x00000000e0e00000, 0x00000000e0e00000| Untracked 
|  15|0x00000000e0f00000, 0x00000000e0f00000, 0x00000000e1000000|  0%| F|  |TAMS 0x00000000e0f00000, 0x00000000e0f00000| Untracked 
|  16|0x00000000e1000000, 0x00000000e1000000, 0x00000000e1100000|  0%| F|  |TAMS 0x00000000e1000000, 0x00000000e1000000| Untracked 
|  17|0x00000000e1100000, 0x00000000e1100000, 0x00000000e1200000|  0%| F|  |TAMS 0x00000000e1100000, 0x00000000e1100000| Untracked 
|  18|0x00000000e1200000, 0x00000000e1200000, 0x00000000e1300000|  0%| F|  |TAMS 0x00000000e1200000, 0x00000000e1200000| Untracked 
|  19|0x00000000e1300000, 0x00000000e1300000, 0x00000000e1400000|  0%| F|  |TAMS 0x00000000e1300000, 0x00000000e1300000| Untracked 
|  20|0x00000000e1400000, 0x00000000e1400000, 0x00000000e1500000|  0%| F|  |TAMS 0x00000000e1400000, 0x00000000e1400000| Untracked 
|  21|0x00000000e1500000, 0x00000000e1500000, 0x00000000e1600000|  0%| F|  |TAMS 0x00000000e1500000, 0x00000000e1500000| Untracked 
|  22|0x00000000e1600000, 0x00000000e1600000, 0x00000000e1700000|  0%| F|  |TAMS 0x00000000e1600000, 0x00000000e1600000| Untracked 
|  23|0x00000000e1700000, 0x00000000e1700000, 0x00000000e1800000|  0%| F|  |TAMS 0x00000000e1700000, 0x00000000e1700000| Untracked 
|  24|0x00000000e1800000, 0x00000000e1800000, 0x00000000e1900000|  0%| F|  |TAMS 0x00000000e1800000, 0x00000000e1800000| Untracked 
|  25|0x00000000e1900000, 0x00000000e1900000, 0x00000000e1a00000|  0%| F|  |TAMS 0x00000000e1900000, 0x00000000e1900000| Untracked 
|  26|0x00000000e1a00000, 0x00000000e1a00000, 0x00000000e1b00000|  0%| F|  |TAMS 0x00000000e1a00000, 0x00000000e1a00000| Untracked 
|  27|0x00000000e1b00000, 0x00000000e1b00000, 0x00000000e1c00000|  0%| F|  |TAMS 0x00000000e1b00000, 0x00000000e1b00000| Untracked 
|  28|0x00000000e1c00000, 0x00000000e1c00000, 0x00000000e1d00000|  0%| F|  |TAMS 0x00000000e1c00000, 0x00000000e1c00000| Untracked 
|  29|0x00000000e1d00000, 0x00000000e1d00000, 0x00000000e1e00000|  0%| F|  |TAMS 0x00000000e1d00000, 0x00000000e1d00000| Untracked 
|  30|0x00000000e1e00000, 0x00000000e1e00000, 0x00000000e1f00000|  0%| F|  |TAMS 0x00000000e1e00000, 0x00000000e1e00000| Untracked 
|  31|0x00000000e1f00000, 0x00000000e1f00000, 0x00000000e2000000|  0%| F|  |TAMS 0x00000000e1f00000, 0x00000000e1f00000| Untracked 
|  32|0x00000000e2000000, 0x00000000e2000000, 0x00000000e2100000|  0%| F|  |TAMS 0x00000000e2000000, 0x00000000e2000000| Untracked 
|  33|0x00000000e2100000, 0x00000000e2100000, 0x00000000e2200000|  0%| F|  |TAMS 0x00000000e2100000, 0x00000000e2100000| Untracked 
|  34|0x00000000e2200000, 0x00000000e2200000, 0x00000000e2300000|  0%| F|  |TAMS 0x00000000e2200000, 0x00000000e2200000| Untracked 
|  35|0x00000000e2300000, 0x00000000e2300000, 0x00000000e2400000|  0%| F|  |TAMS 0x00000000e2300000, 0x00000000e2300000| Untracked 
|  36|0x00000000e2400000, 0x00000000e2400000, 0x00000000e2500000|  0%| F|  |TAMS 0x00000000e2400000, 0x00000000e2400000| Untracked 
|  37|0x00000000e2500000, 0x00000000e2500000, 0x00000000e2600000|  0%| F|  |TAMS 0x00000000e2500000, 0x00000000e2500000| Untracked 
|  38|0x00000000e2600000, 0x00000000e2600000, 0x00000000e2700000|  0%| F|  |TAMS 0x00000000e2600000, 0x00000000e2600000| Untracked 
|  39|0x00000000e2700000, 0x00000000e2700000, 0x00000000e2800000|  0%| F|  |TAMS 0x00000000e2700000, 0x00000000e2700000| Untracked 
|  40|0x00000000e2800000, 0x00000000e2800000, 0x00000000e2900000|  0%| F|  |TAMS 0x00000000e2800000, 0x00000000e2800000| Untracked 
|  41|0x00000000e2900000, 0x00000000e2900000, 0x00000000e2a00000|  0%| F|  |TAMS 0x00000000e2900000, 0x00000000e2900000| Untracked 
|  42|0x00000000e2a00000, 0x00000000e2a00000, 0x00000000e2b00000|  0%| F|  |TAMS 0x00000000e2a00000, 0x00000000e2a00000| Untracked 
|  43|0x00000000e2b00000, 0x00000000e2b00000, 0x00000000e2c00000|  0%| F|  |TAMS 0x00000000e2b00000, 0x00000000e2b00000| Untracked 
|  44|0x00000000e2c00000, 0x00000000e2c00000, 0x00000000e2d00000|  0%| F|  |TAMS 0x00000000e2c00000, 0x00000000e2c00000| Untracked 
|  45|0x00000000e2d00000, 0x00000000e2d00000, 0x00000000e2e00000|  0%| F|  |TAMS 0x00000000e2d00000, 0x00000000e2d00000| Untracked 
|  46|0x00000000e2e00000, 0x00000000e2e00000, 0x00000000e2f00000|  0%| F|  |TAMS 0x00000000e2e00000, 0x00000000e2e00000| Untracked 
|  47|0x00000000e2f00000, 0x00000000e2f00000, 0x00000000e3000000|  0%| F|  |TAMS 0x00000000e2f00000, 0x00000000e2f00000| Untracked 
|  48|0x00000000e3000000, 0x00000000e3000000, 0x00000000e3100000|  0%| F|  |TAMS 0x00000000e3000000, 0x00000000e3000000| Untracked 
|  49|0x00000000e3100000, 0x00000000e3100000, 0x00000000e3200000|  0%| F|  |TAMS 0x00000000e3100000, 0x00000000e3100000| Untracked 
|  50|0x00000000e3200000, 0x00000000e3200000, 0x00000000e3300000|  0%| F|  |TAMS 0x00000000e3200000, 0x00000000e3200000| Untracked 
|  51|0x00000000e3300000, 0x00000000e3300000, 0x00000000e3400000|  0%| F|  |TAMS 0x00000000e3300000, 0x00000000e3300000| Untracked 
|  52|0x00000000e3400000, 0x00000000e3400000, 0x00000000e3500000|  0%| F|  |TAMS 0x00000000e3400000, 0x00000000e3400000| Untracked 
|  53|0x00000000e3500000, 0x00000000e3500000, 0x00000000e3600000|  0%| F|  |TAMS 0x00000000e3500000, 0x00000000e3500000| Untracked 
|  54|0x00000000e3600000, 0x00000000e3600000, 0x00000000e3700000|  0%| F|  |TAMS 0x00000000e3600000, 0x00000000e3600000| Untracked 
|  55|0x00000000e3700000, 0x00000000e3700000, 0x00000000e3800000|  0%| F|  |TAMS 0x00000000e3700000, 0x00000000e3700000| Untracked 
|  56|0x00000000e3800000, 0x00000000e3800000, 0x00000000e3900000|  0%| F|  |TAMS 0x00000000e3800000, 0x00000000e3800000| Untracked 
|  57|0x00000000e3900000, 0x00000000e3900000, 0x00000000e3a00000|  0%| F|  |TAMS 0x00000000e3900000, 0x00000000e3900000| Untracked 
|  58|0x00000000e3a00000, 0x00000000e3a00000, 0x00000000e3b00000|  0%| F|  |TAMS 0x00000000e3a00000, 0x00000000e3a00000| Untracked 
|  59|0x00000000e3b00000, 0x00000000e3b00000, 0x00000000e3c00000|  0%| F|  |TAMS 0x00000000e3b00000, 0x00000000e3b00000| Untracked 
|  60|0x00000000e3c00000, 0x00000000e3c00000, 0x00000000e3d00000|  0%| F|  |TAMS 0x00000000e3c00000, 0x00000000e3c00000| Untracked 
|  61|0x00000000e3d00000, 0x00000000e3d00000, 0x00000000e3e00000|  0%| F|  |TAMS 0x00000000e3d00000, 0x00000000e3d00000| Untracked 
|  62|0x00000000e3e00000, 0x00000000e3e00000, 0x00000000e3f00000|  0%| F|  |TAMS 0x00000000e3e00000, 0x00000000e3e00000| Untracked 
|  63|0x00000000e3f00000, 0x00000000e3f00000, 0x00000000e4000000|  0%| F|  |TAMS 0x00000000e3f00000, 0x00000000e3f00000| Untracked 
|  64|0x00000000e4000000, 0x00000000e4000000, 0x00000000e4100000|  0%| F|  |TAMS 0x00000000e4000000, 0x00000000e4000000| Untracked 
|  65|0x00000000e4100000, 0x00000000e4100000, 0x00000000e4200000|  0%| F|  |TAMS 0x00000000e4100000, 0x00000000e4100000| Untracked 
|  66|0x00000000e4200000, 0x00000000e4200000, 0x00000000e4300000|  0%| F|  |TAMS 0x00000000e4200000, 0x00000000e4200000| Untracked 
|  67|0x00000000e4300000, 0x00000000e4300000, 0x00000000e4400000|  0%| F|  |TAMS 0x00000000e4300000, 0x00000000e4300000| Untracked 
|  68|0x00000000e4400000, 0x00000000e4400000, 0x00000000e4500000|  0%| F|  |TAMS 0x00000000e4400000, 0x00000000e4400000| Untracked 
|  69|0x00000000e4500000, 0x00000000e4500000, 0x00000000e4600000|  0%| F|  |TAMS 0x00000000e4500000, 0x00000000e4500000| Untracked 
|  70|0x00000000e4600000, 0x00000000e4600000, 0x00000000e4700000|  0%| F|  |TAMS 0x00000000e4600000, 0x00000000e4600000| Untracked 
|  71|0x00000000e4700000, 0x00000000e4700000, 0x00000000e4800000|  0%| F|  |TAMS 0x00000000e4700000, 0x00000000e4700000| Untracked 
|  72|0x00000000e4800000, 0x00000000e4800000, 0x00000000e4900000|  0%| F|  |TAMS 0x00000000e4800000, 0x00000000e4800000| Untracked 
|  73|0x00000000e4900000, 0x00000000e4900000, 0x00000000e4a00000|  0%| F|  |TAMS 0x00000000e4900000, 0x00000000e4900000| Untracked 
|  74|0x00000000e4a00000, 0x00000000e4a00000, 0x00000000e4b00000|  0%| F|  |TAMS 0x00000000e4a00000, 0x00000000e4a00000| Untracked 
|  75|0x00000000e4b00000, 0x00000000e4b00000, 0x00000000e4c00000|  0%| F|  |TAMS 0x00000000e4b00000, 0x00000000e4b00000| Untracked 
|  76|0x00000000e4c00000, 0x00000000e4c00000, 0x00000000e4d00000|  0%| F|  |TAMS 0x00000000e4c00000, 0x00000000e4c00000| Untracked 
|  77|0x00000000e4d00000, 0x00000000e4d00000, 0x00000000e4e00000|  0%| F|  |TAMS 0x00000000e4d00000, 0x00000000e4d00000| Untracked 
|  78|0x00000000e4e00000, 0x00000000e4e00000, 0x00000000e4f00000|  0%| F|  |TAMS 0x00000000e4e00000, 0x00000000e4e00000| Untracked 
|  79|0x00000000e4f00000, 0x00000000e4f00000, 0x00000000e5000000|  0%| F|  |TAMS 0x00000000e4f00000, 0x00000000e4f00000| Untracked 
|  80|0x00000000e5000000, 0x00000000e5000000, 0x00000000e5100000|  0%| F|  |TAMS 0x00000000e5000000, 0x00000000e5000000| Untracked 
|  81|0x00000000e5100000, 0x00000000e5100000, 0x00000000e5200000|  0%| F|  |TAMS 0x00000000e5100000, 0x00000000e5100000| Untracked 
|  82|0x00000000e5200000, 0x00000000e5200000, 0x00000000e5300000|  0%| F|  |TAMS 0x00000000e5200000, 0x00000000e5200000| Untracked 
|  83|0x00000000e5300000, 0x00000000e5300000, 0x00000000e5400000|  0%| F|  |TAMS 0x00000000e5300000, 0x00000000e5300000| Untracked 
|  84|0x00000000e5400000, 0x00000000e5400000, 0x00000000e5500000|  0%| F|  |TAMS 0x00000000e5400000, 0x00000000e5400000| Untracked 
|  85|0x00000000e5500000, 0x00000000e5500000, 0x00000000e5600000|  0%| F|  |TAMS 0x00000000e5500000, 0x00000000e5500000| Untracked 
|  86|0x00000000e5600000, 0x00000000e5600000, 0x00000000e5700000|  0%| F|  |TAMS 0x00000000e5600000, 0x00000000e5600000| Untracked 
|  87|0x00000000e5700000, 0x00000000e5700000, 0x00000000e5800000|  0%| F|  |TAMS 0x00000000e5700000, 0x00000000e5700000| Untracked 
|  88|0x00000000e5800000, 0x00000000e5800000, 0x00000000e5900000|  0%| F|  |TAMS 0x00000000e5800000, 0x00000000e5800000| Untracked 
|  89|0x00000000e5900000, 0x00000000e5900000, 0x00000000e5a00000|  0%| F|  |TAMS 0x00000000e5900000, 0x00000000e5900000| Untracked 
|  90|0x00000000e5a00000, 0x00000000e5a00000, 0x00000000e5b00000|  0%| F|  |TAMS 0x00000000e5a00000, 0x00000000e5a00000| Untracked 
|  91|0x00000000e5b00000, 0x00000000e5b00000, 0x00000000e5c00000|  0%| F|  |TAMS 0x00000000e5b00000, 0x00000000e5b00000| Untracked 
|  92|0x00000000e5c00000, 0x00000000e5c00000, 0x00000000e5d00000|  0%| F|  |TAMS 0x00000000e5c00000, 0x00000000e5c00000| Untracked 
|  93|0x00000000e5d00000, 0x00000000e5d00000, 0x00000000e5e00000|  0%| F|  |TAMS 0x00000000e5d00000, 0x00000000e5d00000| Untracked 
|  94|0x00000000e5e00000, 0x00000000e5e00000, 0x00000000e5f00000|  0%| F|  |TAMS 0x00000000e5e00000, 0x00000000e5e00000| Untracked 
|  95|0x00000000e5f00000, 0x00000000e5f00000, 0x00000000e6000000|  0%| F|  |TAMS 0x00000000e5f00000, 0x00000000e5f00000| Untracked 
|  96|0x00000000e6000000, 0x00000000e6000000, 0x00000000e6100000|  0%| F|  |TAMS 0x00000000e6000000, 0x00000000e6000000| Untracked 
|  97|0x00000000e6100000, 0x00000000e6100000, 0x00000000e6200000|  0%| F|  |TAMS 0x00000000e6100000, 0x00000000e6100000| Untracked 
|  98|0x00000000e6200000, 0x00000000e6200000, 0x00000000e6300000|  0%| F|  |TAMS 0x00000000e6200000, 0x00000000e6200000| Untracked 
|  99|0x00000000e6300000, 0x00000000e6300000, 0x00000000e6400000|  0%| F|  |TAMS 0x00000000e6300000, 0x00000000e6300000| Untracked 
| 100|0x00000000e6400000, 0x00000000e6400000, 0x00000000e6500000|  0%| F|  |TAMS 0x00000000e6400000, 0x00000000e6400000| Untracked 
| 101|0x00000000e6500000, 0x00000000e6500000, 0x00000000e6600000|  0%| F|  |TAMS 0x00000000e6500000, 0x00000000e6500000| Untracked 
| 102|0x00000000e6600000, 0x00000000e6600000, 0x00000000e6700000|  0%| F|  |TAMS 0x00000000e6600000, 0x00000000e6600000| Untracked 
| 103|0x00000000e6700000, 0x00000000e6700000, 0x00000000e6800000|  0%| F|  |TAMS 0x00000000e6700000, 0x00000000e6700000| Untracked 
| 104|0x00000000e6800000, 0x00000000e6800000, 0x00000000e6900000|  0%| F|  |TAMS 0x00000000e6800000, 0x00000000e6800000| Untracked 
| 105|0x00000000e6900000, 0x00000000e6900000, 0x00000000e6a00000|  0%| F|  |TAMS 0x00000000e6900000, 0x00000000e6900000| Untracked 
| 106|0x00000000e6a00000, 0x00000000e6a00000, 0x00000000e6b00000|  0%| F|  |TAMS 0x00000000e6a00000, 0x00000000e6a00000| Untracked 
| 107|0x00000000e6b00000, 0x00000000e6b00000, 0x00000000e6c00000|  0%| F|  |TAMS 0x00000000e6b00000, 0x00000000e6b00000| Untracked 
| 108|0x00000000e6c00000, 0x00000000e6c00000, 0x00000000e6d00000|  0%| F|  |TAMS 0x00000000e6c00000, 0x00000000e6c00000| Untracked 
| 109|0x00000000e6d00000, 0x00000000e6d00000, 0x00000000e6e00000|  0%| F|  |TAMS 0x00000000e6d00000, 0x00000000e6d00000| Untracked 
| 110|0x00000000e6e00000, 0x00000000e6e00000, 0x00000000e6f00000|  0%| F|  |TAMS 0x00000000e6e00000, 0x00000000e6e00000| Untracked 
| 111|0x00000000e6f00000, 0x00000000e6f00000, 0x00000000e7000000|  0%| F|  |TAMS 0x00000000e6f00000, 0x00000000e6f00000| Untracked 
| 112|0x00000000e7000000, 0x00000000e7000000, 0x00000000e7100000|  0%| F|  |TAMS 0x00000000e7000000, 0x00000000e7000000| Untracked 
| 113|0x00000000e7100000, 0x00000000e7100000, 0x00000000e7200000|  0%| F|  |TAMS 0x00000000e7100000, 0x00000000e7100000| Untracked 
| 114|0x00000000e7200000, 0x00000000e7200000, 0x00000000e7300000|  0%| F|  |TAMS 0x00000000e7200000, 0x00000000e7200000| Untracked 
| 115|0x00000000e7300000, 0x00000000e7300000, 0x00000000e7400000|  0%| F|  |TAMS 0x00000000e7300000, 0x00000000e7300000| Untracked 
| 116|0x00000000e7400000, 0x00000000e7400000, 0x00000000e7500000|  0%| F|  |TAMS 0x00000000e7400000, 0x00000000e7400000| Untracked 
| 117|0x00000000e7500000, 0x00000000e7500000, 0x00000000e7600000|  0%| F|  |TAMS 0x00000000e7500000, 0x00000000e7500000| Untracked 
| 118|0x00000000e7600000, 0x00000000e7600000, 0x00000000e7700000|  0%| F|  |TAMS 0x00000000e7600000, 0x00000000e7600000| Untracked 
| 119|0x00000000e7700000, 0x00000000e7700000, 0x00000000e7800000|  0%| F|  |TAMS 0x00000000e7700000, 0x00000000e7700000| Untracked 
| 120|0x00000000e7800000, 0x00000000e7800000, 0x00000000e7900000|  0%| F|  |TAMS 0x00000000e7800000, 0x00000000e7800000| Untracked 
| 121|0x00000000e7900000, 0x00000000e7900000, 0x00000000e7a00000|  0%| F|  |TAMS 0x00000000e7900000, 0x00000000e7900000| Untracked 
| 122|0x00000000e7a00000, 0x00000000e7a00000, 0x00000000e7b00000|  0%| F|  |TAMS 0x00000000e7a00000, 0x00000000e7a00000| Untracked 
| 123|0x00000000e7b00000, 0x00000000e7b00000, 0x00000000e7c00000|  0%| F|  |TAMS 0x00000000e7b00000, 0x00000000e7b00000| Untracked 
| 124|0x00000000e7c00000, 0x00000000e7c00000, 0x00000000e7d00000|  0%| F|  |TAMS 0x00000000e7c00000, 0x00000000e7c00000| Untracked 
| 125|0x00000000e7d00000, 0x00000000e7d00000, 0x00000000e7e00000|  0%| F|  |TAMS 0x00000000e7d00000, 0x00000000e7d00000| Untracked 
| 126|0x00000000e7e00000, 0x00000000e7e00000, 0x00000000e7f00000|  0%| F|  |TAMS 0x00000000e7e00000, 0x00000000e7e00000| Untracked 
| 127|0x00000000e7f00000, 0x00000000e7f00000, 0x00000000e8000000|  0%| F|  |TAMS 0x00000000e7f00000, 0x00000000e7f00000| Untracked 
| 128|0x00000000e8000000, 0x00000000e8000000, 0x00000000e8100000|  0%| F|  |TAMS 0x00000000e8000000, 0x00000000e8000000| Untracked 
| 129|0x00000000e8100000, 0x00000000e8100000, 0x00000000e8200000|  0%| F|  |TAMS 0x00000000e8100000, 0x00000000e8100000| Untracked 
| 130|0x00000000e8200000, 0x00000000e8200000, 0x00000000e8300000|  0%| F|  |TAMS 0x00000000e8200000, 0x00000000e8200000| Untracked 
| 131|0x00000000e8300000, 0x00000000e8300000, 0x00000000e8400000|  0%| F|  |TAMS 0x00000000e8300000, 0x00000000e8300000| Untracked 
| 132|0x00000000e8400000, 0x00000000e8400000, 0x00000000e8500000|  0%| F|  |TAMS 0x00000000e8400000, 0x00000000e8400000| Untracked 
| 133|0x00000000e8500000, 0x00000000e8500000, 0x00000000e8600000|  0%| F|  |TAMS 0x00000000e8500000, 0x00000000e8500000| Untracked 
| 134|0x00000000e8600000, 0x00000000e8600000, 0x00000000e8700000|  0%| F|  |TAMS 0x00000000e8600000, 0x00000000e8600000| Untracked 
| 135|0x00000000e8700000, 0x00000000e8700000, 0x00000000e8800000|  0%| F|  |TAMS 0x00000000e8700000, 0x00000000e8700000| Untracked 
| 136|0x00000000e8800000, 0x00000000e8800000, 0x00000000e8900000|  0%| F|  |TAMS 0x00000000e8800000, 0x00000000e8800000| Untracked 
| 137|0x00000000e8900000, 0x00000000e8900000, 0x00000000e8a00000|  0%| F|  |TAMS 0x00000000e8900000, 0x00000000e8900000| Untracked 
| 138|0x00000000e8a00000, 0x00000000e8a00000, 0x00000000e8b00000|  0%| F|  |TAMS 0x00000000e8a00000, 0x00000000e8a00000| Untracked 
| 139|0x00000000e8b00000, 0x00000000e8b00000, 0x00000000e8c00000|  0%| F|  |TAMS 0x00000000e8b00000, 0x00000000e8b00000| Untracked 
| 140|0x00000000e8c00000, 0x00000000e8c00000, 0x00000000e8d00000|  0%| F|  |TAMS 0x00000000e8c00000, 0x00000000e8c00000| Untracked 
| 141|0x00000000e8d00000, 0x00000000e8d00000, 0x00000000e8e00000|  0%| F|  |TAMS 0x00000000e8d00000, 0x00000000e8d00000| Untracked 
| 142|0x00000000e8e00000, 0x00000000e8e00000, 0x00000000e8f00000|  0%| F|  |TAMS 0x00000000e8e00000, 0x00000000e8e00000| Untracked 
| 143|0x00000000e8f00000, 0x00000000e8f00000, 0x00000000e9000000|  0%| F|  |TAMS 0x00000000e8f00000, 0x00000000e8f00000| Untracked 
| 144|0x00000000e9000000, 0x00000000e9000000, 0x00000000e9100000|  0%| F|  |TAMS 0x00000000e9000000, 0x00000000e9000000| Untracked 
| 145|0x00000000e9100000, 0x00000000e9100000, 0x00000000e9200000|  0%| F|  |TAMS 0x00000000e9100000, 0x00000000e9100000| Untracked 
| 146|0x00000000e9200000, 0x00000000e9200000, 0x00000000e9300000|  0%| F|  |TAMS 0x00000000e9200000, 0x00000000e9200000| Untracked 
| 147|0x00000000e9300000, 0x00000000e9300000, 0x00000000e9400000|  0%| F|  |TAMS 0x00000000e9300000, 0x00000000e9300000| Untracked 
| 148|0x00000000e9400000, 0x00000000e9400000, 0x00000000e9500000|  0%| F|  |TAMS 0x00000000e9400000, 0x00000000e9400000| Untracked 
| 149|0x00000000e9500000, 0x00000000e9500000, 0x00000000e9600000|  0%| F|  |TAMS 0x00000000e9500000, 0x00000000e9500000| Untracked 
| 150|0x00000000e9600000, 0x00000000e9600000, 0x00000000e9700000|  0%| F|  |TAMS 0x00000000e9600000, 0x00000000e9600000| Untracked 
| 151|0x00000000e9700000, 0x00000000e9700000, 0x00000000e9800000|  0%| F|  |TAMS 0x00000000e9700000, 0x00000000e9700000| Untracked 
| 152|0x00000000e9800000, 0x00000000e9800000, 0x00000000e9900000|  0%| F|  |TAMS 0x00000000e9800000, 0x00000000e9800000| Untracked 
| 153|0x00000000e9900000, 0x00000000e9900000, 0x00000000e9a00000|  0%| F|  |TAMS 0x00000000e9900000, 0x00000000e9900000| Untracked 
| 154|0x00000000e9a00000, 0x00000000e9a00000, 0x00000000e9b00000|  0%| F|  |TAMS 0x00000000e9a00000, 0x00000000e9a00000| Untracked 
| 155|0x00000000e9b00000, 0x00000000e9b00000, 0x00000000e9c00000|  0%| F|  |TAMS 0x00000000e9b00000, 0x00000000e9b00000| Untracked 
| 156|0x00000000e9c00000, 0x00000000e9c00000, 0x00000000e9d00000|  0%| F|  |TAMS 0x00000000e9c00000, 0x00000000e9c00000| Untracked 
| 157|0x00000000e9d00000, 0x00000000e9d00000, 0x00000000e9e00000|  0%| F|  |TAMS 0x00000000e9d00000, 0x00000000e9d00000| Untracked 
| 158|0x00000000e9e00000, 0x00000000e9e00000, 0x00000000e9f00000|  0%| F|  |TAMS 0x00000000e9e00000, 0x00000000e9e00000| Untracked 
| 159|0x00000000e9f00000, 0x00000000e9f00000, 0x00000000ea000000|  0%| F|  |TAMS 0x00000000e9f00000, 0x00000000e9f00000| Untracked 
| 160|0x00000000ea000000, 0x00000000ea000000, 0x00000000ea100000|  0%| F|  |TAMS 0x00000000ea000000, 0x00000000ea000000| Untracked 
| 161|0x00000000ea100000, 0x00000000ea100000, 0x00000000ea200000|  0%| F|  |TAMS 0x00000000ea100000, 0x00000000ea100000| Untracked 
| 162|0x00000000ea200000, 0x00000000ea200000, 0x00000000ea300000|  0%| F|  |TAMS 0x00000000ea200000, 0x00000000ea200000| Untracked 
| 163|0x00000000ea300000, 0x00000000ea300000, 0x00000000ea400000|  0%| F|  |TAMS 0x00000000ea300000, 0x00000000ea300000| Untracked 
| 164|0x00000000ea400000, 0x00000000ea400000, 0x00000000ea500000|  0%| F|  |TAMS 0x00000000ea400000, 0x00000000ea400000| Untracked 
| 165|0x00000000ea500000, 0x00000000ea500000, 0x00000000ea600000|  0%| F|  |TAMS 0x00000000ea500000, 0x00000000ea500000| Untracked 
| 166|0x00000000ea600000, 0x00000000ea600000, 0x00000000ea700000|  0%| F|  |TAMS 0x00000000ea600000, 0x00000000ea600000| Untracked 
| 167|0x00000000ea700000, 0x00000000ea700000, 0x00000000ea800000|  0%| F|  |TAMS 0x00000000ea700000, 0x00000000ea700000| Untracked 
| 168|0x00000000ea800000, 0x00000000ea800000, 0x00000000ea900000|  0%| F|  |TAMS 0x00000000ea800000, 0x00000000ea800000| Untracked 
| 169|0x00000000ea900000, 0x00000000ea900000, 0x00000000eaa00000|  0%| F|  |TAMS 0x00000000ea900000, 0x00000000ea900000| Untracked 
| 170|0x00000000eaa00000, 0x00000000eaa00000, 0x00000000eab00000|  0%| F|  |TAMS 0x00000000eaa00000, 0x00000000eaa00000| Untracked 
| 171|0x00000000eab00000, 0x00000000eab00000, 0x00000000eac00000|  0%| F|  |TAMS 0x00000000eab00000, 0x00000000eab00000| Untracked 
| 172|0x00000000eac00000, 0x00000000eac00000, 0x00000000ead00000|  0%| F|  |TAMS 0x00000000eac00000, 0x00000000eac00000| Untracked 
| 173|0x00000000ead00000, 0x00000000ead00000, 0x00000000eae00000|  0%| F|  |TAMS 0x00000000ead00000, 0x00000000ead00000| Untracked 
| 174|0x00000000eae00000, 0x00000000eae00000, 0x00000000eaf00000|  0%| F|  |TAMS 0x00000000eae00000, 0x00000000eae00000| Untracked 
| 175|0x00000000eaf00000, 0x00000000eaf00000, 0x00000000eb000000|  0%| F|  |TAMS 0x00000000eaf00000, 0x00000000eaf00000| Untracked 
| 176|0x00000000eb000000, 0x00000000eb000000, 0x00000000eb100000|  0%| F|  |TAMS 0x00000000eb000000, 0x00000000eb000000| Untracked 
| 177|0x00000000eb100000, 0x00000000eb100000, 0x00000000eb200000|  0%| F|  |TAMS 0x00000000eb100000, 0x00000000eb100000| Untracked 
| 178|0x00000000eb200000, 0x00000000eb200000, 0x00000000eb300000|  0%| F|  |TAMS 0x00000000eb200000, 0x00000000eb200000| Untracked 
| 179|0x00000000eb300000, 0x00000000eb300000, 0x00000000eb400000|  0%| F|  |TAMS 0x00000000eb300000, 0x00000000eb300000| Untracked 
| 180|0x00000000eb400000, 0x00000000eb400000, 0x00000000eb500000|  0%| F|  |TAMS 0x00000000eb400000, 0x00000000eb400000| Untracked 
| 181|0x00000000eb500000, 0x00000000eb500000, 0x00000000eb600000|  0%| F|  |TAMS 0x00000000eb500000, 0x00000000eb500000| Untracked 
| 182|0x00000000eb600000, 0x00000000eb600000, 0x00000000eb700000|  0%| F|  |TAMS 0x00000000eb600000, 0x00000000eb600000| Untracked 
| 183|0x00000000eb700000, 0x00000000eb700000, 0x00000000eb800000|  0%| F|  |TAMS 0x00000000eb700000, 0x00000000eb700000| Untracked 
| 184|0x00000000eb800000, 0x00000000eb800000, 0x00000000eb900000|  0%| F|  |TAMS 0x00000000eb800000, 0x00000000eb800000| Untracked 
| 185|0x00000000eb900000, 0x00000000eb900000, 0x00000000eba00000|  0%| F|  |TAMS 0x00000000eb900000, 0x00000000eb900000| Untracked 
| 186|0x00000000eba00000, 0x00000000eba00000, 0x00000000ebb00000|  0%| F|  |TAMS 0x00000000eba00000, 0x00000000eba00000| Untracked 
| 187|0x00000000ebb00000, 0x00000000ebb00000, 0x00000000ebc00000|  0%| F|  |TAMS 0x00000000ebb00000, 0x00000000ebb00000| Untracked 
| 188|0x00000000ebc00000, 0x00000000ebc00000, 0x00000000ebd00000|  0%| F|  |TAMS 0x00000000ebc00000, 0x00000000ebc00000| Untracked 
| 189|0x00000000ebd00000, 0x00000000ebd00000, 0x00000000ebe00000|  0%| F|  |TAMS 0x00000000ebd00000, 0x00000000ebd00000| Untracked 
| 190|0x00000000ebe00000, 0x00000000ebe00000, 0x00000000ebf00000|  0%| F|  |TAMS 0x00000000ebe00000, 0x00000000ebe00000| Untracked 
| 191|0x00000000ebf00000, 0x00000000ebf00000, 0x00000000ec000000|  0%| F|  |TAMS 0x00000000ebf00000, 0x00000000ebf00000| Untracked 
| 192|0x00000000ec000000, 0x00000000ec000000, 0x00000000ec100000|  0%| F|  |TAMS 0x00000000ec000000, 0x00000000ec000000| Untracked 
| 193|0x00000000ec100000, 0x00000000ec100000, 0x00000000ec200000|  0%| F|  |TAMS 0x00000000ec100000, 0x00000000ec100000| Untracked 
| 194|0x00000000ec200000, 0x00000000ec200000, 0x00000000ec300000|  0%| F|  |TAMS 0x00000000ec200000, 0x00000000ec200000| Untracked 
| 195|0x00000000ec300000, 0x00000000ec300000, 0x00000000ec400000|  0%| F|  |TAMS 0x00000000ec300000, 0x00000000ec300000| Untracked 
| 196|0x00000000ec400000, 0x00000000ec400000, 0x00000000ec500000|  0%| F|  |TAMS 0x00000000ec400000, 0x00000000ec400000| Untracked 
| 197|0x00000000ec500000, 0x00000000ec500000, 0x00000000ec600000|  0%| F|  |TAMS 0x00000000ec500000, 0x00000000ec500000| Untracked 
| 198|0x00000000ec600000, 0x00000000ec600000, 0x00000000ec700000|  0%| F|  |TAMS 0x00000000ec600000, 0x00000000ec600000| Untracked 
| 199|0x00000000ec700000, 0x00000000ec700000, 0x00000000ec800000|  0%| F|  |TAMS 0x00000000ec700000, 0x00000000ec700000| Untracked 
| 200|0x00000000ec800000, 0x00000000ec800000, 0x00000000ec900000|  0%| F|  |TAMS 0x00000000ec800000, 0x00000000ec800000| Untracked 
| 201|0x00000000ec900000, 0x00000000ec900000, 0x00000000eca00000|  0%| F|  |TAMS 0x00000000ec900000, 0x00000000ec900000| Untracked 
| 202|0x00000000eca00000, 0x00000000eca00000, 0x00000000ecb00000|  0%| F|  |TAMS 0x00000000eca00000, 0x00000000eca00000| Untracked 
| 203|0x00000000ecb00000, 0x00000000ecb00000, 0x00000000ecc00000|  0%| F|  |TAMS 0x00000000ecb00000, 0x00000000ecb00000| Untracked 
| 204|0x00000000ecc00000, 0x00000000ecc00000, 0x00000000ecd00000|  0%| F|  |TAMS 0x00000000ecc00000, 0x00000000ecc00000| Untracked 
| 205|0x00000000ecd00000, 0x00000000ecd00000, 0x00000000ece00000|  0%| F|  |TAMS 0x00000000ecd00000, 0x00000000ecd00000| Untracked 
| 206|0x00000000ece00000, 0x00000000ece00000, 0x00000000ecf00000|  0%| F|  |TAMS 0x00000000ece00000, 0x00000000ece00000| Untracked 
| 207|0x00000000ecf00000, 0x00000000ecf00000, 0x00000000ed000000|  0%| F|  |TAMS 0x00000000ecf00000, 0x00000000ecf00000| Untracked 
| 208|0x00000000ed000000, 0x00000000ed000000, 0x00000000ed100000|  0%| F|  |TAMS 0x00000000ed000000, 0x00000000ed000000| Untracked 
| 209|0x00000000ed100000, 0x00000000ed100000, 0x00000000ed200000|  0%| F|  |TAMS 0x00000000ed100000, 0x00000000ed100000| Untracked 
| 210|0x00000000ed200000, 0x00000000ed200000, 0x00000000ed300000|  0%| F|  |TAMS 0x00000000ed200000, 0x00000000ed200000| Untracked 
| 211|0x00000000ed300000, 0x00000000ed300000, 0x00000000ed400000|  0%| F|  |TAMS 0x00000000ed300000, 0x00000000ed300000| Untracked 
| 212|0x00000000ed400000, 0x00000000ed400000, 0x00000000ed500000|  0%| F|  |TAMS 0x00000000ed400000, 0x00000000ed400000| Untracked 
| 213|0x00000000ed500000, 0x00000000ed500000, 0x00000000ed600000|  0%| F|  |TAMS 0x00000000ed500000, 0x00000000ed500000| Untracked 
| 214|0x00000000ed600000, 0x00000000ed600000, 0x00000000ed700000|  0%| F|  |TAMS 0x00000000ed600000, 0x00000000ed600000| Untracked 
| 215|0x00000000ed700000, 0x00000000ed700000, 0x00000000ed800000|  0%| F|  |TAMS 0x00000000ed700000, 0x00000000ed700000| Untracked 
| 216|0x00000000ed800000, 0x00000000ed800000, 0x00000000ed900000|  0%| F|  |TAMS 0x00000000ed800000, 0x00000000ed800000| Untracked 
| 217|0x00000000ed900000, 0x00000000ed900000, 0x00000000eda00000|  0%| F|  |TAMS 0x00000000ed900000, 0x00000000ed900000| Untracked 
| 218|0x00000000eda00000, 0x00000000eda00000, 0x00000000edb00000|  0%| F|  |TAMS 0x00000000eda00000, 0x00000000eda00000| Untracked 
| 219|0x00000000edb00000, 0x00000000edb00000, 0x00000000edc00000|  0%| F|  |TAMS 0x00000000edb00000, 0x00000000edb00000| Untracked 
| 220|0x00000000edc00000, 0x00000000edc00000, 0x00000000edd00000|  0%| F|  |TAMS 0x00000000edc00000, 0x00000000edc00000| Untracked 
| 221|0x00000000edd00000, 0x00000000edd00000, 0x00000000ede00000|  0%| F|  |TAMS 0x00000000edd00000, 0x00000000edd00000| Untracked 
| 222|0x00000000ede00000, 0x00000000ede00000, 0x00000000edf00000|  0%| F|  |TAMS 0x00000000ede00000, 0x00000000ede00000| Untracked 
| 223|0x00000000edf00000, 0x00000000edf00000, 0x00000000ee000000|  0%| F|  |TAMS 0x00000000edf00000, 0x00000000edf00000| Untracked 
| 224|0x00000000ee000000, 0x00000000ee000000, 0x00000000ee100000|  0%| F|  |TAMS 0x00000000ee000000, 0x00000000ee000000| Untracked 
| 225|0x00000000ee100000, 0x00000000ee100000, 0x00000000ee200000|  0%| F|  |TAMS 0x00000000ee100000, 0x00000000ee100000| Untracked 
| 226|0x00000000ee200000, 0x00000000ee200000, 0x00000000ee300000|  0%| F|  |TAMS 0x00000000ee200000, 0x00000000ee200000| Untracked 
| 227|0x00000000ee300000, 0x00000000ee300000, 0x00000000ee400000|  0%| F|  |TAMS 0x00000000ee300000, 0x00000000ee300000| Untracked 
| 228|0x00000000ee400000, 0x00000000ee400000, 0x00000000ee500000|  0%| F|  |TAMS 0x00000000ee400000, 0x00000000ee400000| Untracked 
| 229|0x00000000ee500000, 0x00000000ee500000, 0x00000000ee600000|  0%| F|  |TAMS 0x00000000ee500000, 0x00000000ee500000| Untracked 
| 230|0x00000000ee600000, 0x00000000ee600000, 0x00000000ee700000|  0%| F|  |TAMS 0x00000000ee600000, 0x00000000ee600000| Untracked 
| 231|0x00000000ee700000, 0x00000000ee700000, 0x00000000ee800000|  0%| F|  |TAMS 0x00000000ee700000, 0x00000000ee700000| Untracked 
| 232|0x00000000ee800000, 0x00000000ee800000, 0x00000000ee900000|  0%| F|  |TAMS 0x00000000ee800000, 0x00000000ee800000| Untracked 
| 233|0x00000000ee900000, 0x00000000ee900000, 0x00000000eea00000|  0%| F|  |TAMS 0x00000000ee900000, 0x00000000ee900000| Untracked 
| 234|0x00000000eea00000, 0x00000000eea00000, 0x00000000eeb00000|  0%| F|  |TAMS 0x00000000eea00000, 0x00000000eea00000| Untracked 
| 235|0x00000000eeb00000, 0x00000000eeb00000, 0x00000000eec00000|  0%| F|  |TAMS 0x00000000eeb00000, 0x00000000eeb00000| Untracked 
| 236|0x00000000eec00000, 0x00000000eec00000, 0x00000000eed00000|  0%| F|  |TAMS 0x00000000eec00000, 0x00000000eec00000| Untracked 
| 237|0x00000000eed00000, 0x00000000eed00000, 0x00000000eee00000|  0%| F|  |TAMS 0x00000000eed00000, 0x00000000eed00000| Untracked 
| 238|0x00000000eee00000, 0x00000000eee00000, 0x00000000eef00000|  0%| F|  |TAMS 0x00000000eee00000, 0x00000000eee00000| Untracked 
| 239|0x00000000eef00000, 0x00000000eef4bd98, 0x00000000ef000000| 29%| S|CS|TAMS 0x00000000eef00000, 0x00000000eef00000| Complete 
| 240|0x00000000ef000000, 0x00000000ef100000, 0x00000000ef100000|100%| S|CS|TAMS 0x00000000ef000000, 0x00000000ef000000| Complete 
| 241|0x00000000ef100000, 0x00000000ef100000, 0x00000000ef200000|  0%| F|  |TAMS 0x00000000ef100000, 0x00000000ef100000| Untracked 
| 242|0x00000000ef200000, 0x00000000ef200000, 0x00000000ef300000|  0%| F|  |TAMS 0x00000000ef200000, 0x00000000ef200000| Untracked 
| 243|0x00000000ef300000, 0x00000000ef300000, 0x00000000ef400000|  0%| F|  |TAMS 0x00000000ef300000, 0x00000000ef300000| Untracked 
| 244|0x00000000ef400000, 0x00000000ef400000, 0x00000000ef500000|  0%| F|  |TAMS 0x00000000ef400000, 0x00000000ef400000| Untracked 
| 245|0x00000000ef500000, 0x00000000ef500000, 0x00000000ef600000|  0%| F|  |TAMS 0x00000000ef500000, 0x00000000ef500000| Untracked 
| 246|0x00000000ef600000, 0x00000000ef600000, 0x00000000ef700000|  0%| F|  |TAMS 0x00000000ef600000, 0x00000000ef600000| Untracked 
| 247|0x00000000ef700000, 0x00000000ef700000, 0x00000000ef800000|  0%| F|  |TAMS 0x00000000ef700000, 0x00000000ef700000| Untracked 
| 248|0x00000000ef800000, 0x00000000ef900000, 0x00000000ef900000|100%| S|CS|TAMS 0x00000000ef800000, 0x00000000ef800000| Complete 
| 249|0x00000000ef900000, 0x00000000efa00000, 0x00000000efa00000|100%| S|CS|TAMS 0x00000000ef900000, 0x00000000ef900000| Complete 
| 250|0x00000000efa00000, 0x00000000efb00000, 0x00000000efb00000|100%| S|CS|TAMS 0x00000000efa00000, 0x00000000efa00000| Complete 
| 251|0x00000000efb00000, 0x00000000efc00000, 0x00000000efc00000|100%| S|CS|TAMS 0x00000000efb00000, 0x00000000efb00000| Complete 
| 252|0x00000000efc00000, 0x00000000efd00000, 0x00000000efd00000|100%| S|CS|TAMS 0x00000000efc00000, 0x00000000efc00000| Complete 
| 253|0x00000000efd00000, 0x00000000efe00000, 0x00000000efe00000|100%| S|CS|TAMS 0x00000000efd00000, 0x00000000efd00000| Complete 
| 254|0x00000000efe00000, 0x00000000eff00000, 0x00000000eff00000|100%| E|  |TAMS 0x00000000efe00000, 0x00000000efe00000| Complete 
| 255|0x00000000eff00000, 0x00000000f0000000, 0x00000000f0000000|100%| E|CS|TAMS 0x00000000eff00000, 0x00000000eff00000| Complete 

Card table byte_map: [0x0000018b7d100000,0x0000018b7d200000] _byte_map_base: 0x0000018b7ca00000

Marking Bits (Prev, Next): (CMBitMap*) 0x0000018b74555b48, (CMBitMap*) 0x0000018b74555b08
 Prev Bits: [0x0000018b7db00000, 0x0000018b7e300000)
 Next Bits: [0x0000018b7d300000, 0x0000018b7db00000)

Polling page: 0x0000018b72520000

Metaspace:

Usage:
  Non-class:     10.18 MB capacity,     9.85 MB ( 97%) used,   317.72 KB (  3%) free+waste,    26.75 KB ( <1%) overhead. 
      Class:      1.82 MB capacity,     1.66 MB ( 92%) used,   141.41 KB (  8%) free+waste,    15.50 KB ( <1%) overhead. 
       Both:     12.00 MB capacity,    11.51 MB ( 96%) used,   459.13 KB (  4%) free+waste,    42.25 KB ( <1%) overhead. 

Virtual space:
  Non-class space:       24.00 MB reserved,      10.25 MB ( 43%) committed 
      Class space:      248.00 MB reserved,       1.88 MB ( <1%) committed 
             Both:      272.00 MB reserved,      12.13 MB (  4%) committed 

Chunk freelists:
   Non-Class:  5.00 KB
       Class:  29.00 KB
        Both:  34.00 KB

MaxMetaspaceSize: 256.00 MB
CompressedClassSpaceSize: 248.00 MB

CodeHeap 'non-profiled nmethods': size=120000Kb used=863Kb max_used=863Kb free=119136Kb
 bounds [0x0000018b07ad0000, 0x0000018b07d40000, 0x0000018b0f000000]
CodeHeap 'profiled nmethods': size=120000Kb used=3886Kb max_used=3886Kb free=116113Kb
 bounds [0x0000018b005a0000, 0x0000018b00970000, 0x0000018b07ad0000]
CodeHeap 'non-nmethods': size=5760Kb used=1204Kb max_used=1220Kb free=4555Kb
 bounds [0x0000018b00000000, 0x0000018b00270000, 0x0000018b005a0000]
 total_blobs=3025 nmethods=1816 adapters=377
 compilation: enabled
              stopped_count=0, restarted_count=0
 full_count=0

Compilation events (20 events):
Event: 4.267 Thread 0x0000018b7ed45800 1800       3       java.util.regex.Matcher::<init> (95 bytes)
Event: 4.268 Thread 0x0000018b7ed45800 nmethod 1800 0x0000018b00965c10 code [0x0000018b00965de0, 0x0000018b00966448]
Event: 4.276 Thread 0x0000018b7ed44800 nmethod 1799 0x0000018b07ba5290 code [0x0000018b07ba5560, 0x0000018b07ba5fb8]
Event: 4.276 Thread 0x0000018b7ed44800 1801       4       java.lang.String::checkIndex (48 bytes)
Event: 4.277 Thread 0x0000018b7ed44800 nmethod 1801 0x0000018b07ba6510 code [0x0000018b07ba66a0, 0x0000018b07ba6758]
Event: 4.288 Thread 0x0000018b7ed45800 1802       3       java.lang.invoke.VarForm::getMemberName (21 bytes)
Event: 4.289 Thread 0x0000018b7ed45800 nmethod 1802 0x0000018b00966610 code [0x0000018b009667c0, 0x0000018b00966a28]
Event: 4.289 Thread 0x0000018b7ed45800 1804       1       org.gradle.internal.service.DefaultServiceRegistry::access$1600 (5 bytes)
Event: 4.289 Thread 0x0000018b7ed45800 nmethod 1804 0x0000018b07ba6810 code [0x0000018b07ba69a0, 0x0000018b07ba6a38]
Event: 4.289 Thread 0x0000018b7ed45800 1803       1       org.gradle.internal.service.AbstractServiceMethod::getParameterTypes (5 bytes)
Event: 4.289 Thread 0x0000018b7ed45800 nmethod 1803 0x0000018b07ba6b10 code [0x0000018b07ba6ca0, 0x0000018b07ba6d78]
Event: 4.301 Thread 0x0000018b7ed44800 1805       4       java.util.jar.JarFile::maybeInstantiateVerifier (116 bytes)
Event: 4.308 Thread 0x0000018b7ed45800 1806       3       java.lang.invoke.DirectMethodHandle$Holder::invokeStatic (15 bytes)
Event: 4.308 Thread 0x0000018b7ed45800 nmethod 1806 0x0000018b00966b90 code [0x0000018b00966d60, 0x0000018b00967318]
Event: 4.312 Thread 0x0000018b7ed45800 1807       1       java.lang.invoke.MethodHandleImpl::isCompileConstant (2 bytes)
Event: 4.312 Thread 0x0000018b7ed45800 nmethod 1807 0x0000018b07ba6e10 code [0x0000018b07ba6fa0, 0x0000018b07ba7038]
Event: 4.332 Thread 0x0000018b7ed45800 1808       3       java.util.ArrayList$Itr::next (66 bytes)
Event: 4.333 Thread 0x0000018b7ed45800 nmethod 1808 0x0000018b00967410 code [0x0000018b00967600, 0x0000018b00967a48]
Event: 4.333 Thread 0x0000018b7ed45800 1809       1       java.lang.reflect.Method::getRoot (5 bytes)
Event: 4.333 Thread 0x0000018b7ed45800 nmethod 1809 0x0000018b07ba7110 code [0x0000018b07ba72a0, 0x0000018b07ba7378]

GC Heap History (10 events):
Event: 1.882 GC heap before
{Heap before GC invocations=0 (full 0):
 garbage-first heap   total 262144K, used 28672K [0x00000000e0000000, 0x0000000100000000)
  region size 1024K, 23 young (23552K), 0 survivors (0K)
 Metaspace       used 3903K, capacity 6653K, committed 6784K, reserved 262144K
  class space    used 512K, capacity 771K, committed 896K, reserved 253952K
}
Event: 1.928 GC heap after
{Heap after GC invocations=1 (full 0):
 garbage-first heap   total 262144K, used 8984K [0x00000000e0000000, 0x0000000100000000)
  region size 1024K, 3 young (3072K), 3 survivors (3072K)
 Metaspace       used 3903K, capacity 6653K, committed 6784K, reserved 262144K
  class space    used 512K, capacity 771K, committed 896K, reserved 253952K
}
Event: 2.215 GC heap before
{Heap before GC invocations=1 (full 0):
 garbage-first heap   total 262144K, used 35608K [0x00000000e0000000, 0x0000000100000000)
  region size 1024K, 30 young (30720K), 3 survivors (3072K)
 Metaspace       used 4074K, capacity 6654K, committed 6784K, reserved 262144K
  class space    used 514K, capacity 771K, committed 896K, reserved 253952K
}
Event: 2.219 GC heap after
{Heap after GC invocations=2 (full 0):
 garbage-first heap   total 262144K, used 12652K [0x00000000e0000000, 0x0000000100000000)
  region size 1024K, 4 young (4096K), 4 survivors (4096K)
 Metaspace       used 4074K, capacity 6654K, committed 6784K, reserved 262144K
  class space    used 514K, capacity 771K, committed 896K, reserved 253952K
}
Event: 4.106 GC heap before
{Heap before GC invocations=2 (full 0):
 garbage-first heap   total 262144K, used 49516K [0x00000000e0000000, 0x0000000100000000)
  region size 1024K, 41 young (41984K), 4 survivors (4096K)
 Metaspace       used 10364K, capacity 10847K, committed 10880K, reserved 270336K
  class space    used 1500K, capacity 1655K, committed 1664K, reserved 253952K
}
Event: 4.112 GC heap after
{Heap after GC invocations=3 (full 0):
 garbage-first heap   total 262144K, used 15209K [0x00000000e0000000, 0x0000000100000000)
  region size 1024K, 7 young (7168K), 7 survivors (7168K)
 Metaspace       used 10364K, capacity 10847K, committed 10880K, reserved 270336K
  class space    used 1500K, capacity 1655K, committed 1664K, reserved 253952K
}
Event: 4.291 GC heap before
{Heap before GC invocations=4 (full 0):
 garbage-first heap   total 262144K, used 22377K [0x00000000e0000000, 0x0000000100000000)
  region size 1024K, 15 young (15360K), 7 survivors (7168K)
 Metaspace       used 11403K, capacity 11865K, committed 12032K, reserved 270336K
  class space    used 1630K, capacity 1761K, committed 1792K, reserved 253952K
}
Event: 4.296 GC heap after
{Heap after GC invocations=5 (full 0):
 garbage-first heap   total 262144K, used 15585K [0x00000000e0000000, 0x0000000100000000)
  region size 1024K, 7 young (7168K), 7 survivors (7168K)
 Metaspace       used 11403K, capacity 11865K, committed 12032K, reserved 270336K
  class space    used 1630K, capacity 1761K, committed 1792K, reserved 253952K
}
Event: 4.321 GC heap before
{Heap before GC invocations=6 (full 0):
 garbage-first heap   total 262144K, used 16609K [0x00000000e0000000, 0x0000000100000000)
  region size 1024K, 9 young (9216K), 7 survivors (7168K)
 Metaspace       used 11574K, capacity 12059K, committed 12160K, reserved 276480K
  class space    used 1665K, capacity 1826K, committed 1920K, reserved 253952K
}
Event: 4.325 GC heap after
{Heap after GC invocations=7 (full 0):
 garbage-first heap   total 262144K, used 16062K [0x00000000e0000000, 0x0000000100000000)
  region size 1024K, 8 young (8192K), 8 survivors (8192K)
 Metaspace       used 11574K, capacity 12059K, committed 12160K, reserved 276480K
  class space    used 1665K, capacity 1826K, committed 1920K, reserved 253952K
}

Deoptimization events (20 events):
Event: 3.811 Thread 0x0000018b12754800 Uncommon trap: trap_request=0xffffffc6 fr.pc=0x0000018b07b03180 relative=0x00000000000008c0
Event: 3.811 Thread 0x0000018b12754800 Uncommon trap: reason=bimorphic_or_optimized_type_check action=maybe_recompile pc=0x0000018b07b03180 method=java.util.HashMap.putVal(ILjava/lang/Object;Ljava/lang/Object;ZZ)Ljava/lang/Object; @ 253 c2
Event: 3.811 Thread 0x0000018b12754800 DEOPT PACKING pc=0x0000018b07b03180 sp=0x00000050d9efee30
Event: 3.811 Thread 0x0000018b12754800 DEOPT UNPACKING pc=0x0000018b0004912f sp=0x00000050d9efedc0 mode 2
Event: 4.013 Thread 0x0000018b12754800 Uncommon trap: trap_request=0xffffff45 fr.pc=0x0000018b07b97b58 relative=0x00000000000006d8
Event: 4.013 Thread 0x0000018b12754800 Uncommon trap: reason=unstable_if action=reinterpret pc=0x0000018b07b97b58 method=java.util.ArrayList.grow(I)[Ljava/lang/Object; @ 17 c2
Event: 4.013 Thread 0x0000018b12754800 DEOPT PACKING pc=0x0000018b07b97b58 sp=0x00000050d9efdf60
Event: 4.013 Thread 0x0000018b12754800 DEOPT UNPACKING pc=0x0000018b0004912f sp=0x00000050d9efddf8 mode 2
Event: 4.207 Thread 0x0000018b12754800 Uncommon trap: trap_request=0xffffff45 fr.pc=0x0000018b07b32030 relative=0x0000000000000a50
Event: 4.207 Thread 0x0000018b12754800 Uncommon trap: reason=unstable_if action=reinterpret pc=0x0000018b07b32030 method=java.util.regex.Matcher.reset()Ljava/util/regex/Matcher; @ 71 c2
Event: 4.207 Thread 0x0000018b12754800 DEOPT PACKING pc=0x0000018b07b32030 sp=0x00000050d9efb480
Event: 4.207 Thread 0x0000018b12754800 DEOPT UNPACKING pc=0x0000018b0004912f sp=0x00000050d9efb3c8 mode 2
Event: 4.207 Thread 0x0000018b12754800 Uncommon trap: trap_request=0xffffff45 fr.pc=0x0000018b07b25c58 relative=0x0000000000000578
Event: 4.207 Thread 0x0000018b12754800 Uncommon trap: reason=unstable_if action=reinterpret pc=0x0000018b07b25c58 method=java.util.regex.Matcher.match(II)Z @ 76 c2
Event: 4.207 Thread 0x0000018b12754800 DEOPT PACKING pc=0x0000018b07b25c58 sp=0x00000050d9efb480
Event: 4.207 Thread 0x0000018b12754800 DEOPT UNPACKING pc=0x0000018b0004912f sp=0x00000050d9efb450 mode 2
Event: 4.207 Thread 0x0000018b12754800 Uncommon trap: trap_request=0xffffff45 fr.pc=0x0000018b07b28da8 relative=0x0000000000000268
Event: 4.207 Thread 0x0000018b12754800 Uncommon trap: reason=unstable_if action=reinterpret pc=0x0000018b07b28da8 method=java.util.regex.Matcher.reset()Ljava/util/regex/Matcher; @ 71 c2
Event: 4.207 Thread 0x0000018b12754800 DEOPT PACKING pc=0x0000018b07b28da8 sp=0x00000050d9efb430
Event: 4.207 Thread 0x0000018b12754800 DEOPT UNPACKING pc=0x0000018b0004912f sp=0x00000050d9efb3c0 mode 2

Classes unloaded (0 events):
No events

Classes redefined (0 events):
No events

Internal exceptions (20 events):
Event: 3.613 Thread 0x0000018b7452c000 Exception <a 'java/io/IOException'{0x00000000eebfc5d0}> (0x00000000eebfc5d0) 
thrown [t:/workspace/open/src/hotspot/share/prims/jni.cpp, line 599]
Event: 3.739 Thread 0x0000018b12715000 Exception <a 'java/lang/NoSuchMethodError'{0x00000000ee9aa1d0}: static Lorg/gradle/tooling/internal/provider/SubscribableBuildAction;.<clinit>()V> (0x00000000ee9aa1d0) 
thrown [t:/workspace/open/src/hotspot/share/prims/jni.cpp, line 1348]
Event: 3.741 Thread 0x0000018b12715000 Exception <a 'java/lang/NoSuchMethodError'{0x00000000ee9b27e0}: static Lorg/gradle/tooling/internal/provider/BuildModelAction;.<clinit>()V> (0x00000000ee9b27e0) 
thrown [t:/workspace/open/src/hotspot/share/prims/jni.cpp, line 1348]
Event: 3.745 Thread 0x0000018b12715000 Exception <a 'java/lang/NoSuchMethodError'{0x00000000ee9c13e8}: static Lorg/gradle/internal/build/event/BuildEventSubscriptions;.<clinit>()V> (0x00000000ee9c13e8) 
thrown [t:/workspace/open/src/hotspot/share/prims/jni.cpp, line 1348]
Event: 3.759 Thread 0x0000018b12715000 Exception <a 'java/lang/NoSuchMethodError'{0x00000000ee9f4760}: static Ljava/lang/Object;.<clinit>()V> (0x00000000ee9f4760) 
thrown [t:/workspace/open/src/hotspot/share/prims/jni.cpp, line 1348]
Event: 3.763 Thread 0x0000018b12715000 Exception <a 'java/lang/NoSuchMethodError'{0x00000000ee80a4b8}: static Lorg/gradle/api/internal/StartParameterInternal;.<clinit>()V> (0x00000000ee80a4b8) 
thrown [t:/workspace/open/src/hotspot/share/prims/jni.cpp, line 1348]
Event: 3.770 Thread 0x0000018b12715000 Exception <a 'java/lang/NoSuchMethodError'{0x00000000ee842148}: static Lorg/gradle/internal/logging/DefaultLoggingConfiguration;.<clinit>()V> (0x00000000ee842148) 
thrown [t:/workspace/open/src/hotspot/share/prims/jni.cpp, line 1348]
Event: 3.773 Thread 0x0000018b12715000 Exception <a 'java/lang/NoSuchMethodError'{0x00000000ee84f3b8}: static Ljava/lang/Object;.<clinit>()V> (0x00000000ee84f3b8) 
thrown [t:/workspace/open/src/hotspot/share/prims/jni.cpp, line 1348]
Event: 3.776 Thread 0x0000018b12715000 Exception <a 'java/lang/NoSuchMethodError'{0x00000000ee872e40}: static Lorg/gradle/internal/DefaultTaskExecutionRequest;.<clinit>()V> (0x00000000ee872e40) 
thrown [t:/workspace/open/src/hotspot/share/prims/jni.cpp, line 1348]
Event: 3.778 Thread 0x0000018b12715000 Exception <a 'java/lang/NoSuchMethodError'{0x00000000ee87dc18}: static Lorg/gradle/internal/deprecation/LoggingDeprecatable;.<clinit>()V> (0x00000000ee87dc18) 
thrown [t:/workspace/open/src/hotspot/share/prims/jni.cpp, line 1348]
Event: 3.890 Thread 0x0000018b12754800 Exception <a 'java/lang/NoSuchMethodError'{0x00000000ee529a78}: 'void java.lang.invoke.DirectMethodHandle$Holder.invokeVirtual(java.lang.Object, java.lang.Object, java.lang.Object, java.lang.Object)'> (0x00000000ee529a78) 
thrown [t:/workspace/open/src/hotspot/share/interpreter/linkResolver.cpp, line 766]
Event: 3.892 Thread 0x0000018b12754800 Exception <a 'java/lang/NoSuchMethodError'{0x00000000ee5326b0}: 'void java.lang.invoke.DirectMethodHandle$Holder.invokeSpecial(java.lang.Object, java.lang.Object, java.lang.Object, java.lang.Object, java.lang.Object)'> (0x00000000ee5326b0) 
thrown [t:/workspace/open/src/hotspot/share/interpreter/linkResolver.cpp, line 766]
Event: 3.893 Thread 0x0000018b12754800 Exception <a 'java/lang/NoSuchMethodError'{0x00000000ee535b00}: 'void java.lang.invoke.DelegatingMethodHandle$Holder.reinvoke_L(java.lang.Object, java.lang.Object, java.lang.Object, java.lang.Object)'> (0x00000000ee535b00) 
thrown [t:/workspace/open/src/hotspot/share/interpreter/linkResolver.cpp, line 766]
Event: 3.894 Thread 0x0000018b12754800 Exception <a 'java/lang/NoSuchMethodError'{0x00000000ee53af18}: 'java.lang.Object java.lang.invoke.Invokers$Holder.invoker(java.lang.Object, java.lang.Object, java.lang.Object, java.lang.Object)'> (0x00000000ee53af18) 
thrown [t:/workspace/open/src/hotspot/share/interpreter/linkResolver.cpp, line 766]
Event: 3.905 Thread 0x0000018b12754800 Exception <a 'java/lang/NoSuchMethodError'{0x00000000ee56c060}: 'long java.lang.invoke.DirectMethodHandle$Holder.invokeInterface(java.lang.Object, java.lang.Object)'> (0x00000000ee56c060) 
thrown [t:/workspace/open/src/hotspot/share/interpreter/linkResolver.cpp, line 766]
Event: 3.909 Thread 0x0000018b12754800 Exception <a 'java/lang/NoSuchMethodError'{0x00000000ee589b90}: 'void java.lang.invoke.DelegatingMethodHandle$Holder.reinvoke_L(java.lang.Object, java.lang.Object, java.lang.Object, java.lang.Object, java.lang.Object, java.lang.Object, java.lang.Object)'> (0x00000000ee589b90) 
thrown [t:/workspace/open/src/hotspot/share/interpreter/linkResolver.cpp, line 766]
Event: 4.047 Thread 0x0000018b12754800 Exception <a 'java/lang/NoSuchMethodError'{0x00000000edad14a8}: 'java.lang.Object java.lang.invoke.DirectMethodHandle$Holder.invokeVirtual(java.lang.Object, java.lang.Object, java.lang.Object)'> (0x00000000edad14a8) 
thrown [t:/workspace/open/src/hotspot/share/interpreter/linkResolver.cpp, line 766]
Event: 4.241 Thread 0x0000018b12754800 Exception <a 'java/lang/NoSuchMethodError'{0x00000000efbbb7b0}: 'void java.lang.invoke.DirectMethodHandle$Holder.invokeStaticInit(java.lang.Object)'> (0x00000000efbbb7b0) 
thrown [t:/workspace/open/src/hotspot/share/interpreter/linkResolver.cpp, line 766]
Event: 4.286 Thread 0x0000018b12754800 Exception <a 'java/lang/OutOfMemoryError'{0x00000000ef9e93b8}> (0x00000000ef9e93b8) 
thrown [t:/workspace/open/src/hotspot/share/prims/jni.cpp, line 620]
Event: 4.286 Thread 0x0000018b12754800 Exception <a 'java/lang/reflect/InvocationTargetException'{0x00000000ef9e9e80}> (0x00000000ef9e9e80) 
thrown [t:/workspace/open/src/hotspot/share/runtime/reflection.cpp, line 1188]

Events (20 events):
Event: 4.219 loading class java/util/TreeMap$KeySet done
Event: 4.219 loading class java/util/TreeMap$Values
Event: 4.220 loading class java/util/TreeMap$Values done
Event: 4.286 loading class java/util/concurrent/ConcurrentLinkedQueue$Itr
Event: 4.287 loading class java/util/concurrent/ConcurrentLinkedQueue$Itr done
Event: 4.288 Thread 0x0000018b12752000 Thread added: 0x0000018b12752000
Event: 4.291 Executing VM operation: CollectForMetadataAllocation
Event: 4.296 Executing VM operation: CollectForMetadataAllocation done
Event: 4.301 Executing VM operation: G1Concurrent
Event: 4.302 Executing VM operation: G1Concurrent done
Event: 4.305 Executing VM operation: G1Concurrent
Event: 4.306 Executing VM operation: G1Concurrent done
Event: 4.321 Executing VM operation: CollectForMetadataAllocation
Event: 4.326 Executing VM operation: CollectForMetadataAllocation done
Event: 4.329 loading class java/util/ArrayList$ListItr
Event: 4.330 Executing VM operation: G1Concurrent
Event: 4.330 loading class java/util/ArrayList$ListItr done
Event: 4.332 Executing VM operation: G1Concurrent done
Event: 4.332 Executing VM operation: HandshakeAllThreads
Event: 4.332 Executing VM operation: HandshakeAllThreads done


Dynamic libraries:
0x00007ff77f7b0000 - 0x00007ff77f7bd000 	E:\jdk-14\bin\java.exe
0x00007fff74390000 - 0x00007fff74586000 	C:\WINDOWS\SYSTEM32\ntdll.dll
0x00007fff72c50000 - 0x00007fff72d0d000 	C:\WINDOWS\System32\KERNEL32.DLL
0x00007fff71dc0000 - 0x00007fff72089000 	C:\WINDOWS\System32\KERNELBASE.dll
0x00007fff720c0000 - 0x00007fff721c0000 	C:\WINDOWS\System32\ucrtbase.dll
0x00007fff6c550000 - 0x00007fff6c565000 	E:\jdk-14\bin\VCRUNTIME140.dll
0x00007fff662d0000 - 0x00007fff662e8000 	E:\jdk-14\bin\jli.dll
0x00007fff74190000 - 0x00007fff74330000 	C:\WINDOWS\System32\USER32.dll
0x00007fff5dc80000 - 0x00007fff5df1b000 	C:\WINDOWS\WinSxS\amd64_microsoft.windows.common-controls_6595b64144ccf1df_6.0.19041.746_none_ca02b4b61b8320a4\COMCTL32.dll
0x00007fff72090000 - 0x00007fff720b2000 	C:\WINDOWS\System32\win32u.dll
0x00007fff72940000 - 0x00007fff7296a000 	C:\WINDOWS\System32\GDI32.dll
0x00007fff722e0000 - 0x00007fff723eb000 	C:\WINDOWS\System32\gdi32full.dll
0x00007fff72240000 - 0x00007fff722dd000 	C:\WINDOWS\System32\msvcp_win.dll
0x00007fff72450000 - 0x00007fff724ee000 	C:\WINDOWS\System32\msvcrt.dll
0x00007fff734a0000 - 0x00007fff734d0000 	C:\WINDOWS\System32\IMM32.DLL
0x00007fff581a0000 - 0x00007fff5823b000 	E:\jdk-14\bin\msvcp140.dll
0x00007fff45900000 - 0x00007fff4641f000 	E:\jdk-14\bin\server\jvm.dll
0x00007fff73340000 - 0x00007fff733ec000 	C:\WINDOWS\System32\ADVAPI32.dll
0x00007fff72d10000 - 0x00007fff72dac000 	C:\WINDOWS\System32\sechost.dll
0x00007fff73da0000 - 0x00007fff73ecb000 	C:\WINDOWS\System32\RPCRT4.dll
0x00007fff74010000 - 0x00007fff74018000 	C:\WINDOWS\System32\PSAPI.DLL
0x00007fff6d320000 - 0x00007fff6d329000 	C:\WINDOWS\SYSTEM32\WSOCK32.dll
0x00007fff67510000 - 0x00007fff6751a000 	C:\WINDOWS\SYSTEM32\VERSION.dll
0x00007fff674e0000 - 0x00007fff67507000 	C:\WINDOWS\SYSTEM32\WINMM.dll
0x00007fff72850000 - 0x00007fff728bb000 	C:\WINDOWS\System32\WS2_32.dll
0x00007fff70380000 - 0x00007fff70392000 	C:\WINDOWS\SYSTEM32\kernel.appcore.dll
0x00007fff662c0000 - 0x00007fff662ca000 	E:\jdk-14\bin\jimage.dll
0x00007fff70140000 - 0x00007fff70324000 	C:\WINDOWS\SYSTEM32\DBGHELP.DLL
0x00007fff5f840000 - 0x00007fff5f86c000 	C:\WINDOWS\SYSTEM32\dbgcore.DLL
0x00007fff71b80000 - 0x00007fff71c00000 	C:\WINDOWS\System32\bcryptPrimitives.dll
0x00007fff64c20000 - 0x00007fff64c45000 	E:\jdk-14\bin\java.dll
0x00007fff662a0000 - 0x00007fff662b7000 	E:\jdk-14\bin\zip.dll
0x00007fff73650000 - 0x00007fff73d93000 	C:\WINDOWS\System32\SHELL32.dll
0x00007fff6f8e0000 - 0x00007fff7006f000 	C:\WINDOWS\SYSTEM32\windows.storage.dll
0x00007fff724f0000 - 0x00007fff72846000 	C:\WINDOWS\System32\combase.dll
0x00007fff71390000 - 0x00007fff713bc000 	C:\WINDOWS\SYSTEM32\Wldp.dll
0x00007fff73290000 - 0x00007fff7333e000 	C:\WINDOWS\System32\SHCORE.dll
0x00007fff735f0000 - 0x00007fff73645000 	C:\WINDOWS\System32\shlwapi.dll
0x00007fff71a00000 - 0x00007fff71a26000 	C:\WINDOWS\SYSTEM32\profapi.dll
0x00007fff5ac10000 - 0x00007fff5ac29000 	E:\jdk-14\bin\net.dll
0x00007fff6b580000 - 0x00007fff6b680000 	C:\WINDOWS\SYSTEM32\WINHTTP.dll
0x00007fff71180000 - 0x00007fff711ea000 	C:\WINDOWS\system32\mswsock.dll
0x00007fff58180000 - 0x00007fff58192000 	E:\jdk-14\bin\nio.dll
0x00007fff651c0000 - 0x00007fff651d0000 	E:\jdk-14\bin\verify.dll
0x00007fff6d140000 - 0x00007fff6d167000 	C:\Users\Kamil\.gradle\native\c976cfcca226fdd4bee4412e95191dd41148b7504f9625baeda1d523bc39a967\windows-amd64\native-platform.dll
0x00007fff60fd0000 - 0x00007fff60fd9000 	E:\jdk-14\bin\management.dll
0x00007fff60cf0000 - 0x00007fff60cfb000 	E:\jdk-14\bin\management_ext.dll
0x00007fff713d0000 - 0x00007fff713e8000 	C:\WINDOWS\SYSTEM32\CRYPTSP.dll
0x00007fff70b40000 - 0x00007fff70b74000 	C:\WINDOWS\system32\rsaenh.dll
0x00007fff72210000 - 0x00007fff72237000 	C:\WINDOWS\System32\bcrypt.dll
0x00007fff719c0000 - 0x00007fff719ee000 	C:\WINDOWS\SYSTEM32\USERENV.dll
0x00007fff71300000 - 0x00007fff7130c000 	C:\WINDOWS\SYSTEM32\CRYPTBASE.dll
0x00007fff70e90000 - 0x00007fff70ecb000 	C:\WINDOWS\SYSTEM32\IPHLPAPI.DLL
0x00007fff73ed0000 - 0x00007fff73ed8000 	C:\WINDOWS\System32\NSI.dll
0x00007fff6a800000 - 0x00007fff6a817000 	C:\WINDOWS\SYSTEM32\dhcpcsvc6.DLL
0x00007fff6a860000 - 0x00007fff6a87d000 	C:\WINDOWS\SYSTEM32\dhcpcsvc.DLL
0x00007fff70ed0000 - 0x00007fff70f9b000 	C:\WINDOWS\SYSTEM32\DNSAPI.dll

dbghelp: loaded successfully - version: 4.0.5 - missing functions: none
symbol engine: initialized successfully - sym options: 0x614 - pdb path: .;E:\jdk-14\bin;C:\WINDOWS\SYSTEM32;C:\WINDOWS\WinSxS\amd64_microsoft.windows.common-controls_6595b64144ccf1df_6.0.19041.746_none_ca02b4b61b8320a4;E:\jdk-14\bin\server;C:\Users\Kamil\.gradle\native\c976cfcca226fdd4bee4412e95191dd41148b7504f9625baeda1d523bc39a967\windows-amd64

VM Arguments:
jvm_args: --add-opens=java.base/java.util=ALL-UNNAMED --add-opens=java.base/java.lang=ALL-UNNAMED --add-opens=java.base/java.lang.invoke=ALL-UNNAMED --add-opens=java.prefs/java.util.prefs=ALL-UNNAMED -XX:MaxMetaspaceSize=256m -XX:+HeapDumpOnOutOfMemoryError -Xms256m -Xmx512m -Dfile.encoding=windows-1251 -Duser.country=RU -Duser.language=ru -Duser.variant 
java_command: org.gradle.launcher.daemon.bootstrap.GradleDaemon 6.3
java_class_path (initial): C:\Users\Kamil\.gradle\wrapper\dists\gradle-6.3-bin\8tpu6egwsccjzp10c1jckl0rx\gradle-6.3\lib\gradle-launcher-6.3.jar
Launcher Type: SUN_STANDARD

[Global flags]
     intx CICompilerCount                          = 4                                         {product} {ergonomic}
   size_t CompressedClassSpaceSize                 = 260046848                                 {product} {ergonomic}
     uint ConcGCThreads                            = 2                                         {product} {ergonomic}
     uint G1ConcRefinementThreads                  = 8                                         {product} {ergonomic}
   size_t G1HeapRegionSize                         = 1048576                                   {product} {ergonomic}
    uintx GCDrainStackTargetSize                   = 64                                        {product} {ergonomic}
     bool HeapDumpOnOutOfMemoryError               = true                                   {manageable} {command line}
   size_t InitialHeapSize                          = 268435456                                 {product} {command line}
   size_t MarkStackSize                            = 4194304                                   {product} {ergonomic}
   size_t MaxHeapSize                              = 536870912                                 {product} {command line}
   size_t MaxMetaspaceSize                         = 268435456                                 {product} {command line}
   size_t MaxNewSize                               = 321912832                                 {product} {ergonomic}
   size_t MinHeapDeltaBytes                        = 1048576                                   {product} {ergonomic}
   size_t MinHeapSize                              = 268435456                                 {product} {command line}
    uintx NonNMethodCodeHeapSize                   = 5839372                                {pd product} {ergonomic}
    uintx NonProfiledCodeHeapSize                  = 122909434                              {pd product} {ergonomic}
    uintx ProfiledCodeHeapSize                     = 122909434                              {pd product} {ergonomic}
    uintx ReservedCodeCacheSize                    = 251658240                              {pd product} {ergonomic}
     bool SegmentedCodeCache                       = true                                      {product} {ergonomic}
   size_t SoftMaxHeapSize                          = 536870912                              {manageable} {ergonomic}
     bool UseCompressedClassPointers               = true                                 {lp64_product} {ergonomic}
     bool UseCompressedOops                        = true                                 {lp64_product} {ergonomic}
     bool UseG1GC                                  = true                                      {product} {ergonomic}
     bool UseLargePagesIndividualAllocation        = false                                  {pd product} {ergonomic}

Logging:
Log output configuration:
 #0: stdout all=warning uptime,level,tags
 #1: stderr all=off uptime,level,tags

Environment Variables:
PATH=E:\jdk-14;C:\Program Files (x86)\Common Files\Oracle\Java\javapath;C:\WINDOWS\system32\WBEM;C:\WINDOWS\system32;C:\WINDOWS;C:\WINDOWS\System32\Wbem;C:\WINDOWS\System32\WindowsPowerShell\v1.0\;C:\WINDOWS\System32\OpenSSH\;D:\Program Files\Git\cmd;C:\Program Files\MySQL\MySQL Shell 8.0\bin\;C:\Users\Kamil\AppData\Local\Microsoft\WindowsApps;D:\MinGW\bin;D:\Lib\SFML\bin;C:\Users\Kamil\AppData\Local\GitHubDesktop\bin;C:\Program Files\dotnet\;C:\Program Files\Microsoft SQL Server\Client SDK\ODBC\170\Tools\Binn\;C:\Program Files (x86)\Microsoft SQL Server\150\Tools\Binn\;C:\Program Files\Microsoft SQL Server\150\Tools\Binn\;C:\Program Files\Microsoft SQL Server\150\DTS\Binn\;C:\Program Files (x86)\Microsoft SQL Server\150\DTS\Binn\;D:\Program Files\MATLAB\R2020a\bin;;C:\Program Files\Docker\Docker\resources\bin;C:\ProgramData\DockerDesktop\version-bin;C:\WINDOWS\system32;C:\WINDOWS;C:\WINDOWS\System32\Wbem;C:\WINDOWS\System32\WindowsPowerShell\v1.0\;C:\WINDOWS\System32\OpenSSH\;D:\Program Files (x86)\CC5\;C:\Program Files\MySQL\MySQL Shell 8.0\bin\;C:\Users\Kamil\AppData\Local\Microsoft\WindowsApps;D:\MinGW\bin;D:\Lib\SFML\bin;C:\Users\Kamil\AppData\Local\GitHubDesktop\bin;E:\jdk-14\bin;D:\Program Files\CMake\bin;D:\Programming\opencv\build\x64\vc15\bin;D:\Program Files\JetBrains\PyCharm 2020.3.2\bin;;C:\Users\Kamil\AppData\Local\Microsoft\WindowsApps;D:\Program Files (x86)\Graphviz\bin;
USERNAME=Kamil
OS=Windows_NT
PROCESSOR_IDENTIFIER=AMD64 Family 23 Model 17 Stepping 0, AuthenticAMD



---------------  S Y S T E M  ---------------

OS: Windows 10 , 64 bit Build 19041 (10.0.19041.662)
OS uptime: 16 days 23:58 hours
HyperV virtualization detected

CPU:total 8 (initial active 8) (8 cores per cpu, 2 threads per core) family 23 model 17 stepping 0, cmov, cx8, fxsr, mmx, sse, sse2, sse3, ssse3, sse4.1, sse4.2, popcnt, avx, avx2, aes, clmul, mmxext, 3dnowpref, lzcnt, sse4a, ht, tsc, tscinvbit, tscinv, bmi1, bmi2, adx, sha, fma

Memory: 4k page, system-wide physical 5686M (61M free)
TotalPageFile size 10686M (AvailPageFile size 1M)
current process WorkingSet (physical memory assigned to process): 139M, peak: 139M
current process commit charge ("private bytes"): 383M, peak: 384M

vm_info: OpenJDK 64-Bit Server VM (14+36-1461) for windows-amd64 JRE (14+36-1461), built on Feb  6 2020 19:03:18 by "mach5one" with MS VC++ 15.9 (VS2017)

END.
